<?xml version="1.0" encoding="UTF-8"?>
<coverage generated="1533053857">
  <project timestamp="1533053857">
    <package name="IceAgency\Lumberjack\Providers">
      <file name="/Users/luke.hopkins/Repos/lumberjack-sentry-service-provider/src/Providers/SentryServiceProvider.php">
        <class name="IceAgency\Lumberjack\Providers\SentryServiceProvider" namespace="IceAgency\Lumberjack\Providers">
          <metrics complexity="5" methods="3" coveredmethods="3" conditionals="0" coveredconditionals="0" statements="11" coveredstatements="11" elements="14" coveredelements="14"/>
        </class>
        <line num="14" type="method" name="boot" visibility="public" complexity="3" crap="3" count="7"/>
        <line num="16" type="stmt" count="7"/>
        <line num="17" type="stmt" count="3"/>
        <line num="20" type="stmt" count="4"/>
        <line num="21" type="stmt" count="4"/>
        <line num="24" type="stmt" count="4"/>
        <line num="25" type="stmt" count="4"/>
        <line num="26" type="stmt" count="4"/>
        <line num="27" type="stmt" count="4"/>
        <line num="28" type="stmt" count="4"/>
        <line num="30" type="method" name="getSentryClient" visibility="public" complexity="1" crap="1" count="3"/>
        <line num="32" type="stmt" count="3"/>
        <line num="35" type="method" name="getSentryErrorHandler" visibility="public" complexity="1" crap="1" count="1"/>
        <line num="37" type="stmt" count="1"/>
        <metrics loc="39" ncloc="39" classes="1" methods="3" coveredmethods="3" conditionals="0" coveredconditionals="0" statements="11" coveredstatements="11" elements="14" coveredelements="14"/>
      </file>
    </package>
    <metrics files="1" loc="39" ncloc="39" classes="1" methods="3" coveredmethods="3" conditionals="0" coveredconditionals="0" statements="11" coveredstatements="11" elements="14" coveredelements="14"/>
  </project>
</coverage>
